<?xml version="1.0" encoding="UTF-8"?>
<!-- Generated by org.testng.reporters.JUnitReportReporter -->
<testsuite skipped="0" hostname="Thendo-Makhalavhula" name="UI_Test" tests="1" failures="0" timestamp="15 Jan 2022 13:25:23 GMT" time="31.830" errors="0">
  <testcase name="NavigateHomePage" time="31.830" classname="UI_Test"/>
</testsuite> <!-- UI_Test -->
